2025-07-14 00:12:39,872 - INFO - 🚀 เริ่มต้นการทำงาน - Log file: logs/face_similarity_20250714_001239.log
2025-07-14 00:12:39,872 - INFO - 📥 กำลังโหลดโมเดล InsightFace...
2025-07-14 00:12:40,865 - INFO - ✅ โหลดโมเดล InsightFace สำเร็จ
2025-07-14 00:12:40,865 - INFO - ============================================================
2025-07-14 00:12:40,865 - INFO - 🚀 เริ่มต้นโปรแกรม Face Similarity
2025-07-14 00:12:40,865 - INFO - 📸 ภาพผู้ใช้: IMG_0472.jpg
2025-07-14 00:12:40,866 - INFO - 📁 โฟลเดอร์ค้นหา: images_from_drive
2025-07-14 00:12:40,866 - INFO - 🎯 Threshold: 0.4
2025-07-14 00:12:40,866 - INFO - ============================================================
2025-07-14 00:12:40,866 - INFO - 🎯 เริ่มการค้นหา - User: IMG_0472.jpg, Folder: images_from_drive
2025-07-14 00:12:40,866 - INFO - 👤 กำลังประมวลผลภาพผู้ใช้...
2025-07-14 00:12:40,923 - INFO - 📐 ปรับขนาดภาพ IMG_0472.jpg: (3024, 4032) -> (768, 1024)
2025-07-14 00:12:41,135 - INFO - ✅ ประมวลผลภาพผู้ใช้สำเร็จ
2025-07-14 00:12:41,136 - INFO - 📁 ไฟล์ทั้งหมด: 2, ไฟล์ภาพ: 2
2025-07-14 00:12:41,136 - INFO - 🔍 เริ่มเปรียบเทียบ 2 ไฟล์...
2025-07-14 00:12:41,171 - INFO - 📐 ปรับขนาดภาพ images_from_drive\IMG_0950.jpg: (2268, 4032) -> (576, 1024)
2025-07-14 00:12:41,659 - INFO - 📐 ปรับขนาดภาพ images_from_drive\IMG_8530.jpg: (1955, 2444) -> (819, 1024)
2025-07-14 00:12:42,007 - INFO - 📈 สรุปการประมวลผล:
2025-07-14 00:12:42,007 - INFO -   - ประมวลผลสำเร็จ: 2/2
2025-07-14 00:12:42,007 - INFO -   - ประมวลผลไม่สำเร็จ: 0/2
2025-07-14 00:12:42,008 - INFO -   - คะแนนสูงสุด: 0.6416
2025-07-14 00:12:42,008 - INFO -   - Threshold: 0.4
2025-07-14 00:12:42,008 - INFO - 
📊 Top 5 ผลลัพธ์:
2025-07-14 00:12:42,008 - INFO -   1. IMG_8530.jpg: 0.6416
2025-07-14 00:12:42,008 - INFO -   2. IMG_0950.jpg: 0.6107
2025-07-14 00:12:42,009 - INFO - 💾 บันทึกผลลัพธ์ใน: logs/results_20250714_001242.json
2025-07-14 00:12:42,009 - INFO - ✅ เจอภาพที่ใกล้ที่สุด: images_from_drive\IMG_8530.jpg (similarity: 0.6416)
2025-07-14 00:12:42,009 - INFO - 🎉 ผลลัพธ์สุดท้าย: images_from_drive\IMG_8530.jpg
2025-07-14 00:12:42,009 - INFO - ============================================================
2025-07-14 00:12:42,009 - INFO - 🏁 สิ้นสุดการทำงาน
2025-07-14 00:12:42,010 - INFO - ============================================================
